<?xml version="1.0" encoding="UTF-8"?>
<testng-results skipped="0" failed="0" ignored="0" total="2" passed="2">
  <reporter-output>
  </reporter-output>
  <suite name="Default suite" duration-ms="13347" started-at="2022-07-27T01:34:08 CDT" finished-at="2022-07-27T01:34:22 CDT">
    <groups>
    </groups>
    <test name="Default test" duration-ms="13347" started-at="2022-07-27T01:34:08 CDT" finished-at="2022-07-27T01:34:22 CDT">
      <class name="git.GitHub">
        <test-method status="PASS" signature="readConfig()[pri:0, instance:git.GitHub@5bb21b69]" name="readConfig" is-config="true" duration-ms="6" started-at="2022-07-27T01:34:08 CDT" finished-at="2022-07-27T01:34:08 CDT">
          <reporter-output>
          </reporter-output>
        </test-method> <!-- readConfig -->
        <test-method status="PASS" signature="init()[pri:0, instance:git.GitHub@5bb21b69]" name="init" is-config="true" duration-ms="3287" started-at="2022-07-27T01:34:08 CDT" finished-at="2022-07-27T01:34:12 CDT">
          <reporter-output>
          </reporter-output>
        </test-method> <!-- init -->
        <test-method status="PASS" signature="logCustomer()[pri:0, instance:git.GitHub@5bb21b69]" name="logCustomer" duration-ms="6055" started-at="2022-07-27T01:34:12 CDT" finished-at="2022-07-27T01:34:18 CDT">
          <reporter-output>
          </reporter-output>
        </test-method> <!-- logCustomer -->
        <test-method status="PASS" signature="init()[pri:0, instance:git.GitHub@5bb21b69]" name="init" is-config="true" duration-ms="2545" started-at="2022-07-27T01:34:18 CDT" finished-at="2022-07-27T01:34:20 CDT">
          <reporter-output>
          </reporter-output>
        </test-method> <!-- init -->
        <test-method status="PASS" signature="loginTest()[pri:0, instance:git.GitHub@5bb21b69]" name="loginTest" duration-ms="1431" started-at="2022-07-27T01:34:20 CDT" finished-at="2022-07-27T01:34:22 CDT">
          <reporter-output>
          </reporter-output>
        </test-method> <!-- loginTest -->
      </class> <!-- git.GitHub -->
    </test> <!-- Default test -->
  </suite> <!-- Default suite -->
</testng-results>
